Copyright 1986-2019 Xilinx, Inc. All Rights Reserved.
----------------------------------------------------------------------------------------------------------
| Tool Version : Vivado v.2019.1 (win64) Build 2552052 Fri May 24 14:49:42 MDT 2019
| Date         : Sat May  9 07:42:53 2020
| Host         : DESKTOP-NDOLUA7 running 64-bit major release  (build 9200)
| Command      : report_control_sets -verbose -file ZyboBreakoutScoreCalc_wrapper_control_sets_placed.rpt
| Design       : ZyboBreakoutScoreCalc_wrapper
| Device       : xc7z020
----------------------------------------------------------------------------------------------------------

Control Set Information

Table of Contents
-----------------
1. Summary
2. Histogram
3. Flip-Flop Distribution
4. Detailed Control Set Information

1. Summary
----------

+----------------------------------------------------------+-------+
|                          Status                          | Count |
+----------------------------------------------------------+-------+
| Total control sets                                       |    30 |
|    Minimum number of control sets                        |    30 |
|    Addition due to synthesis replication                 |     0 |
|    Addition due to physical synthesis replication        |     0 |
| Unused register locations in slices containing registers |    98 |
+----------------------------------------------------------+-------+
* Control sets can be merged at opt_design using control_set_merge or merge_equivalent_drivers
** Run report_qor_suggestions for automated merging and remapping suggestions


2. Histogram
------------

+--------------------+-------+
|       Fanout       | Count |
+--------------------+-------+
| Total control sets |    30 |
| >= 0 to < 4        |     1 |
| >= 4 to < 6        |     9 |
| >= 6 to < 8        |     1 |
| >= 8 to < 10       |     3 |
| >= 10 to < 12      |     1 |
| >= 12 to < 14      |     5 |
| >= 14 to < 16      |     2 |
| >= 16              |     8 |
+--------------------+-------+
* Control sets can be remapped at either synth_design or opt_design


3. Flip-Flop Distribution
-------------------------

+--------------+-----------------------+------------------------+-----------------+--------------+
| Clock Enable | Synchronous Set/Reset | Asynchronous Set/Reset | Total Registers | Total Slices |
+--------------+-----------------------+------------------------+-----------------+--------------+
| No           | No                    | No                     |              95 |           23 |
| No           | No                    | Yes                    |               0 |            0 |
| No           | Yes                   | No                     |              30 |           13 |
| Yes          | No                    | No                     |             198 |           45 |
| Yes          | No                    | Yes                    |              12 |            3 |
| Yes          | Yes                   | No                     |              47 |           13 |
+--------------+-----------------------+------------------------+-----------------+--------------+


4. Detailed Control Set Information
-----------------------------------

+--------------------------------------------------------------+-----------------------------------------------------------------------------------------------------------------------------------------------------------------------+--------------------------------------------------------------------------------------------------------------------------------------------------------------------+------------------+----------------+
|                         Clock Signal                         |                                                                             Enable Signal                                                                             |                                                                          Set/Reset Signal                                                                          | Slice Load Count | Bel Load Count |
+--------------------------------------------------------------+-----------------------------------------------------------------------------------------------------------------------------------------------------------------------+--------------------------------------------------------------------------------------------------------------------------------------------------------------------+------------------+----------------+
|  ZyboBreakoutScoreCalc_i/processing_system7_0/inst/FCLK_CLK0 | ZyboBreakoutScoreCalc_i/ps7_0_axi_periph/s00_couplers/auto_pc/inst/gen_axilite.gen_b2s_conv.axilite_b2s/WR.b_channel_0/bid_fifo_0/bresp_push                          |                                                                                                                                                                    |                1 |              2 |
|  ZyboBreakoutScoreCalc_i/processing_system7_0/inst/FCLK_CLK0 |                                                                                                                                                                       | ZyboBreakoutScoreCalc_i/ps7_0_axi_periph/s00_couplers/auto_pc/inst/gen_axilite.gen_b2s_conv.axilite_b2s/SI_REG/ar.ar_pipe/aresetn_d_reg[1]_inv_0                   |                1 |              4 |
|  ZyboBreakoutScoreCalc_i/processing_system7_0/inst/FCLK_CLK0 |                                                                                                                                                                       | ZyboBreakoutScoreCalc_i/ps7_0_axi_periph/s00_couplers/auto_pc/inst/gen_axilite.gen_b2s_conv.axilite_b2s/SI_REG/aw.aw_pipe/aresetn_d_reg[0]_0                       |                2 |              4 |
|  ZyboBreakoutScoreCalc_i/processing_system7_0/inst/FCLK_CLK0 |                                                                                                                                                                       | ZyboBreakoutScoreCalc_i/rst_ps7_0_50M/U0/EXT_LPF/lpf_int                                                                                                           |                3 |              4 |
|  ZyboBreakoutScoreCalc_i/processing_system7_0/inst/FCLK_CLK0 | ZyboBreakoutScoreCalc_i/ps7_0_axi_periph/s00_couplers/auto_pc/inst/gen_axilite.gen_b2s_conv.axilite_b2s/RD.ar_channel_0/ar_cmd_fsm_0/E[0]                             |                                                                                                                                                                    |                3 |              4 |
|  ZyboBreakoutScoreCalc_i/processing_system7_0/inst/FCLK_CLK0 | ZyboBreakoutScoreCalc_i/ps7_0_axi_periph/s00_couplers/auto_pc/inst/gen_axilite.gen_b2s_conv.axilite_b2s/RD.ar_channel_0/ar_cmd_fsm_0/sel_first_reg[0]                 |                                                                                                                                                                    |                1 |              4 |
|  ZyboBreakoutScoreCalc_i/processing_system7_0/inst/FCLK_CLK0 | ZyboBreakoutScoreCalc_i/ps7_0_axi_periph/s00_couplers/auto_pc/inst/gen_axilite.gen_b2s_conv.axilite_b2s/RD.ar_channel_0/ar_cmd_fsm_0/m_axi_arready_0                  | ZyboBreakoutScoreCalc_i/ps7_0_axi_periph/s00_couplers/auto_pc/inst/gen_axilite.gen_b2s_conv.axilite_b2s/RD.ar_channel_0/ar_cmd_fsm_0/FSM_sequential_state_reg[1]_0 |                2 |              5 |
|  ZyboBreakoutScoreCalc_i/processing_system7_0/inst/FCLK_CLK0 | ZyboBreakoutScoreCalc_i/ps7_0_axi_periph/s00_couplers/auto_pc/inst/gen_axilite.gen_b2s_conv.axilite_b2s/RD.r_channel_0/transaction_fifo_0/E[0]                        | ZyboBreakoutScoreCalc_i/ps7_0_axi_periph/s00_couplers/auto_pc/inst/gen_axilite.gen_b2s_conv.axilite_b2s/areset_d1                                                  |                1 |              5 |
|  ZyboBreakoutScoreCalc_i/processing_system7_0/inst/FCLK_CLK0 | ZyboBreakoutScoreCalc_i/ps7_0_axi_periph/s00_couplers/auto_pc/inst/gen_axilite.gen_b2s_conv.axilite_b2s/RD.r_channel_0/transaction_fifo_0/cnt_read[4]_i_1__0_n_0      | ZyboBreakoutScoreCalc_i/ps7_0_axi_periph/s00_couplers/auto_pc/inst/gen_axilite.gen_b2s_conv.axilite_b2s/areset_d1                                                  |                2 |              5 |
|  ZyboBreakoutScoreCalc_i/processing_system7_0/inst/FCLK_CLK0 | ZyboBreakoutScoreCalc_i/ps7_0_axi_periph/s00_couplers/auto_pc/inst/gen_axilite.gen_b2s_conv.axilite_b2s/WR.aw_channel_0/aw_cmd_fsm_0/m_valid_i_reg_0                  | ZyboBreakoutScoreCalc_i/ps7_0_axi_periph/s00_couplers/auto_pc/inst/gen_axilite.gen_b2s_conv.axilite_b2s/WR.aw_channel_0/aw_cmd_fsm_0/m_valid_i_reg                 |                2 |              5 |
|  ZyboBreakoutScoreCalc_i/processing_system7_0/inst/FCLK_CLK0 | ZyboBreakoutScoreCalc_i/rst_ps7_0_50M/U0/SEQ/seq_cnt_en                                                                                                               | ZyboBreakoutScoreCalc_i/rst_ps7_0_50M/U0/SEQ/SEQ_COUNTER/clear                                                                                                     |                1 |              6 |
|  ZyboBreakoutScoreCalc_i/processing_system7_0/inst/FCLK_CLK0 |                                                                                                                                                                       | ZyboBreakoutScoreCalc_i/ZyboBreakoutScore_0/inst/ZyboBreakoutScore_v1_0_S00_AXI_inst/p_0_in                                                                        |                3 |              8 |
|  ZyboBreakoutScoreCalc_i/processing_system7_0/inst/FCLK_CLK0 | ZyboBreakoutScoreCalc_i/ps7_0_axi_periph/s00_couplers/auto_pc/inst/gen_axilite.gen_b2s_conv.axilite_b2s/WR.b_channel_0/mhandshake_r                                   | ZyboBreakoutScoreCalc_i/ps7_0_axi_periph/s00_couplers/auto_pc/inst/gen_axilite.gen_b2s_conv.axilite_b2s/WR.b_channel_0/bid_fifo_0/SR[0]                            |                3 |              8 |
|  ZyboBreakoutScoreCalc_i/processing_system7_0/inst/FCLK_CLK0 | ZyboBreakoutScoreCalc_i/ps7_0_axi_periph/s00_couplers/auto_pc/inst/gen_axilite.gen_b2s_conv.axilite_b2s/WR.aw_channel_0/aw_cmd_fsm_0/m_valid_i_reg_0                  |                                                                                                                                                                    |                5 |              9 |
|  ZyboBreakoutScoreCalc_i/processing_system7_0/inst/FCLK_CLK0 |                                                                                                                                                                       | ZyboBreakoutScoreCalc_i/ps7_0_axi_periph/s00_couplers/auto_pc/inst/gen_axilite.gen_b2s_conv.axilite_b2s/areset_d1                                                  |                4 |             10 |
|  ZyboBreakoutScoreCalc_i/processing_system7_0/inst/FCLK_CLK0 | gameover_IBUF                                                                                                                                                         | reset_IBUF                                                                                                                                                         |                3 |             12 |
|  ZyboBreakoutScoreCalc_i/processing_system7_0/inst/FCLK_CLK0 | ZyboBreakoutScoreCalc_i/ps7_0_axi_periph/s00_couplers/auto_pc/inst/gen_axilite.gen_b2s_conv.axilite_b2s/RD.ar_channel_0/ar_cmd_fsm_0/m_axi_arready_0                  |                                                                                                                                                                    |                5 |             13 |
|  ZyboBreakoutScoreCalc_i/processing_system7_0/inst/FCLK_CLK0 | ZyboBreakoutScoreCalc_i/ZyboBreakoutScore_0/inst/ZyboBreakoutScore_v1_0_S00_AXI_inst/slv_reg_rden__0                                                                  | ZyboBreakoutScoreCalc_i/ZyboBreakoutScore_0/inst/ZyboBreakoutScore_v1_0_S00_AXI_inst/p_0_in                                                                        |                2 |             13 |
|  ZyboBreakoutScoreCalc_i/processing_system7_0/inst/FCLK_CLK0 | ZyboBreakoutScoreCalc_i/ps7_0_axi_periph/s00_couplers/auto_pc/inst/gen_axilite.gen_b2s_conv.axilite_b2s/RD.r_channel_0/rd_data_fifo_0/wr_en0                          |                                                                                                                                                                    |                4 |             13 |
|  ZyboBreakoutScoreCalc_i/processing_system7_0/inst/FCLK_CLK0 | ZyboBreakoutScoreCalc_i/ps7_0_axi_periph/s00_couplers/auto_pc/inst/gen_axilite.gen_b2s_conv.axilite_b2s/RD.r_channel_0/r_push_r                                       |                                                                                                                                                                    |                4 |             13 |
|  ZyboBreakoutScoreCalc_i/processing_system7_0/inst/FCLK_CLK0 | ZyboBreakoutScoreCalc_i/ps7_0_axi_periph/s00_couplers/auto_pc/inst/gen_axilite.gen_b2s_conv.axilite_b2s/SI_REG/b.b_pipe/p_1_in                                        |                                                                                                                                                                    |                3 |             14 |
|  ZyboBreakoutScoreCalc_i/processing_system7_0/inst/FCLK_CLK0 | ZyboBreakoutScoreCalc_i/ps7_0_axi_periph/s00_couplers/auto_pc/inst/gen_axilite.gen_b2s_conv.axilite_b2s/SI_REG/b.b_pipe/s_ready_i_reg_0                               |                                                                                                                                                                    |                3 |             14 |
|  ZyboBreakoutScoreCalc_i/processing_system7_0/inst/FCLK_CLK0 | ZyboBreakoutScoreCalc_i/ps7_0_axi_periph/s00_couplers/auto_pc/inst/gen_axilite.gen_b2s_conv.axilite_b2s/WR.aw_channel_0/aw_cmd_fsm_0/b_push                           |                                                                                                                                                                    |                3 |             16 |
|  ZyboBreakoutScoreCalc_i/processing_system7_0/inst/FCLK_CLK0 | ZyboBreakoutScoreCalc_i/ps7_0_axi_periph/s00_couplers/auto_pc/inst/gen_axilite.gen_b2s_conv.axilite_b2s/SI_REG/aw.aw_pipe/s_ready_i_reg_0                             |                                                                                                                                                                    |                3 |             17 |
|  ZyboBreakoutScoreCalc_i/processing_system7_0/inst/FCLK_CLK0 | ZyboBreakoutScoreCalc_i/ps7_0_axi_periph/s00_couplers/auto_pc/inst/gen_axilite.gen_b2s_conv.axilite_b2s/WR.aw_channel_0/aw_cmd_fsm_0/m_valid_i_reg_1[0]               |                                                                                                                                                                    |                3 |             17 |
|  ZyboBreakoutScoreCalc_i/processing_system7_0/inst/FCLK_CLK0 | ZyboBreakoutScoreCalc_i/ps7_0_axi_periph/s00_couplers/auto_pc/inst/gen_axilite.gen_b2s_conv.axilite_b2s/SI_REG/r.r_pipe/p_1_in                                        |                                                                                                                                                                    |                4 |             26 |
|  ZyboBreakoutScoreCalc_i/processing_system7_0/inst/FCLK_CLK0 | ZyboBreakoutScoreCalc_i/ps7_0_axi_periph/s00_couplers/auto_pc/inst/gen_axilite.gen_b2s_conv.axilite_b2s/SI_REG/r.r_pipe/s_ready_i_reg_0                               |                                                                                                                                                                    |                4 |             26 |
|  ZyboBreakoutScoreCalc_i/processing_system7_0/inst/FCLK_CLK0 | ZyboBreakoutScoreCalc_i/ps7_0_axi_periph/s00_couplers/auto_pc/inst/gen_axilite.gen_b2s_conv.axilite_b2s/RD.ar_channel_0/ar_cmd_fsm_0/FSM_sequential_state_reg[1]_1[0] |                                                                                                                                                                    |                5 |             27 |
|  ZyboBreakoutScoreCalc_i/processing_system7_0/inst/FCLK_CLK0 | ZyboBreakoutScoreCalc_i/ps7_0_axi_periph/s00_couplers/auto_pc/inst/gen_axilite.gen_b2s_conv.axilite_b2s/SI_REG/ar.ar_pipe/s_ready_i_reg_0                             |                                                                                                                                                                    |                6 |             27 |
|  ZyboBreakoutScoreCalc_i/processing_system7_0/inst/FCLK_CLK0 |                                                                                                                                                                       |                                                                                                                                                                    |               24 |             96 |
+--------------------------------------------------------------+-----------------------------------------------------------------------------------------------------------------------------------------------------------------------+--------------------------------------------------------------------------------------------------------------------------------------------------------------------+------------------+----------------+


